<?xml version="1.0" encoding="UTF-8"?>
<testsuite xmlns:xsi="http://www.w3.org/2001/XMLSchema-instance" xsi:noNamespaceSchemaLocation="https://maven.apache.org/surefire/maven-surefire-plugin/xsd/surefire-test-report.xsd" name="Test.UsuarioTest" time="3.497" tests="6" errors="0" skipped="0" failures="0">
  <properties>
[...]
</properties>
  <testcase name="testBuscarUsuarioPorId" classname="Test.UsuarioTest" time="2.474"/>
  <testcase name="testObtenerUsuariosPorRol" classname="Test.UsuarioTest" time="0.434"/>
  <testcase name="testEliminarUsuario" classname="Test.UsuarioTest" time="0.148"/>
  <testcase name="testRegistrarUsuarioValido" classname="Test.UsuarioTest" time="0.13"/>
  <testcase name="testObtenerUsuarios" classname="Test.UsuarioTest" time="0.101"/>
  <testcase name="testActualizarUsuario" classname="Test.UsuarioTest" time="0.12"/>
</testsuite>